  main.cpp
e:\courses\cg\learnopengl\glm-0.9.4.0\glm\./core/func_common.hpp : warning C4819: The file contains a character that cannot be represented in the current code page (936). Save the file in Unicode format to prevent data loss
e:\courses\cg\learnopengl\glm-0.9.4.0\glm\core\func_common.inl : warning C4819: The file contains a character that cannot be represented in the current code page (936). Save the file in Unicode format to prevent data loss
e:\courses\cg\learnopengl\glm-0.9.4.0\glm\./core/func_integer.hpp : warning C4819: The file contains a character that cannot be represented in the current code page (936). Save the file in Unicode format to prevent data loss
e:\courses\cg\learnopengl\learnopengl\deferredshading\mesh.h(68): warning C4267: 'argument' : conversion from 'size_t' to 'GLsizei', possible loss of data
deferredShading\main.cpp(79): warning C4244: 'initializing' : conversion from 'double' to 'GLfloat', possible loss of data
deferredShading\main.cpp(80): warning C4244: 'initializing' : conversion from 'double' to 'GLfloat', possible loss of data
deferredShading\main.cpp(81): warning C4244: 'initializing' : conversion from 'double' to 'GLfloat', possible loss of data
deferredShading\main.cpp(88): warning C4244: 'initializing' : conversion from 'double' to 'GLfloat', possible loss of data
deferredShading\main.cpp(89): warning C4244: 'initializing' : conversion from 'double' to 'GLfloat', possible loss of data
deferredShading\main.cpp(90): warning C4244: 'initializing' : conversion from 'double' to 'GLfloat', possible loss of data
deferredShading\main.cpp(449): warning C4244: 'initializing' : conversion from 'double' to 'float', possible loss of data
deferredShading\main.cpp(450): warning C4244: 'initializing' : conversion from 'double' to 'float', possible loss of data
deferredShading\main.cpp(477): warning C4244: '=' : conversion from 'double' to 'GLfloat', possible loss of data
LINK : warning LNK4098: defaultlib 'LIBCMT' conflicts with use of other libs; use /NODEFAULTLIB:library
LINK : warning LNK4098: defaultlib 'MSVCRTD' conflicts with use of other libs; use /NODEFAULTLIB:library
  Generating code
  Finished generating code
glew32s.lib(glew.obj) : warning LNK4099: PDB 'vc120.pdb' was not found with 'glew32s.lib(glew.obj)' or at 'E:\courses\cg\learnOpengl\x64\Release\vc120.pdb'; linking object as if no debug info
SOIL.lib(image_DXT.obj) : warning LNK4099: PDB 'vc120.pdb' was not found with 'SOIL.lib(image_DXT.obj)' or at 'E:\courses\cg\learnOpengl\x64\Release\vc120.pdb'; linking object as if no debug info
SOIL.lib(image_helper.obj) : warning LNK4099: PDB 'vc120.pdb' was not found with 'SOIL.lib(image_helper.obj)' or at 'E:\courses\cg\learnOpengl\x64\Release\vc120.pdb'; linking object as if no debug info
SOIL.lib(SOIL.obj) : warning LNK4099: PDB 'vc120.pdb' was not found with 'SOIL.lib(SOIL.obj)' or at 'E:\courses\cg\learnOpengl\x64\Release\vc120.pdb'; linking object as if no debug info
SOIL.lib(stb_image_aug.obj) : warning LNK4099: PDB 'vc120.pdb' was not found with 'SOIL.lib(stb_image_aug.obj)' or at 'E:\courses\cg\learnOpengl\x64\Release\vc120.pdb'; linking object as if no debug info
glfw3.lib(context.obj) : warning LNK4099: PDB 'vc120.pdb' was not found with 'glfw3.lib(context.obj)' or at 'E:\courses\cg\learnOpengl\x64\Release\vc120.pdb'; linking object as if no debug info
glfw3.lib(gamma.obj) : warning LNK4099: PDB 'vc120.pdb' was not found with 'glfw3.lib(gamma.obj)' or at 'E:\courses\cg\learnOpengl\x64\Release\vc120.pdb'; linking object as if no debug info
glfw3.lib(init.obj) : warning LNK4099: PDB 'vc120.pdb' was not found with 'glfw3.lib(init.obj)' or at 'E:\courses\cg\learnOpengl\x64\Release\vc120.pdb'; linking object as if no debug info
glfw3.lib(input.obj) : warning LNK4099: PDB 'vc120.pdb' was not found with 'glfw3.lib(input.obj)' or at 'E:\courses\cg\learnOpengl\x64\Release\vc120.pdb'; linking object as if no debug info
glfw3.lib(monitor.obj) : warning LNK4099: PDB 'vc120.pdb' was not found with 'glfw3.lib(monitor.obj)' or at 'E:\courses\cg\learnOpengl\x64\Release\vc120.pdb'; linking object as if no debug info
glfw3.lib(time.obj) : warning LNK4099: PDB 'vc120.pdb' was not found with 'glfw3.lib(time.obj)' or at 'E:\courses\cg\learnOpengl\x64\Release\vc120.pdb'; linking object as if no debug info
glfw3.lib(window.obj) : warning LNK4099: PDB 'vc120.pdb' was not found with 'glfw3.lib(window.obj)' or at 'E:\courses\cg\learnOpengl\x64\Release\vc120.pdb'; linking object as if no debug info
glfw3.lib(win32_gamma.obj) : warning LNK4099: PDB 'vc120.pdb' was not found with 'glfw3.lib(win32_gamma.obj)' or at 'E:\courses\cg\learnOpengl\x64\Release\vc120.pdb'; linking object as if no debug info
glfw3.lib(win32_init.obj) : warning LNK4099: PDB 'vc120.pdb' was not found with 'glfw3.lib(win32_init.obj)' or at 'E:\courses\cg\learnOpengl\x64\Release\vc120.pdb'; linking object as if no debug info
glfw3.lib(win32_joystick.obj) : warning LNK4099: PDB 'vc120.pdb' was not found with 'glfw3.lib(win32_joystick.obj)' or at 'E:\courses\cg\learnOpengl\x64\Release\vc120.pdb'; linking object as if no debug info
glfw3.lib(win32_monitor.obj) : warning LNK4099: PDB 'vc120.pdb' was not found with 'glfw3.lib(win32_monitor.obj)' or at 'E:\courses\cg\learnOpengl\x64\Release\vc120.pdb'; linking object as if no debug info
glfw3.lib(win32_time.obj) : warning LNK4099: PDB 'vc120.pdb' was not found with 'glfw3.lib(win32_time.obj)' or at 'E:\courses\cg\learnOpengl\x64\Release\vc120.pdb'; linking object as if no debug info
glfw3.lib(win32_window.obj) : warning LNK4099: PDB 'vc120.pdb' was not found with 'glfw3.lib(win32_window.obj)' or at 'E:\courses\cg\learnOpengl\x64\Release\vc120.pdb'; linking object as if no debug info
glfw3.lib(wgl_context.obj) : warning LNK4099: PDB 'vc120.pdb' was not found with 'glfw3.lib(wgl_context.obj)' or at 'E:\courses\cg\learnOpengl\x64\Release\vc120.pdb'; linking object as if no debug info
  learnOpenGL.vcxproj -> E:\courses\cg\learnOpengl\x64\Release\learnOpenGL.exe
